<?xml version="1.0" encoding="UTF-8"?>
<!-- Generated by org.testng.reporters.JUnitXMLReporter -->
<testsuite ignored="0" hostname="LAPTOP-O1IA0A5B" failures="2" tests="6" name="Test" time="33.287" errors="0" timestamp="2023-04-24T19:24:26 EDT">
  <testcase classname="com.automationcode_16th_April_ExtentReports.TNLoginTest" name="clickOnMyAccount" time="0.08"/>
  <testcase classname="com.automationcode_16th_April_ExtentReports.TNLoginTest" name="clickOnLogin" time="0.477"/>
  <testcase classname="com.automationcode_16th_April_ExtentReports.TNLoginTest" name="enterLoginCredentials" time="0.617">
    <failure type="java.lang.AssertionError" message="null">
      <![CDATA[java.lang.AssertionError: null
at com.automationcode_16th_April_ExtentReports.TNLoginTest.enterLoginCredentials(TNLoginTest.java:39)
at java.base/java.util.ArrayList.forEach(ArrayList.java:1511)
... Removed 29 stack frames]]>
    </failure>
  </testcase> <!-- enterLoginCredentials -->
  <testcase classname="com.automationcode_16th_April_ExtentReports.TNLoginTest" name="clickOnLoginButton" time="1.525">
    <failure type="java.lang.AssertionError" message="expected [false] but found [true]">
      <![CDATA[java.lang.AssertionError: expected [false] but found [true]
at com.automationcode_16th_April_ExtentReports.TNLoginTest.clickOnLoginButton(TNLoginTest.java:52)
at java.base/java.util.ArrayList.forEach(ArrayList.java:1511)
... Removed 31 stack frames]]>
    </failure>
  </testcase> <!-- clickOnLoginButton -->
  <testcase classname="com.automationcode_16th_April_ExtentReports.TNLoginTest" name="clickOnLogoutButton" time="0.0">
    <skipped/>
  </testcase> <!-- clickOnLogoutButton -->
  <testcase classname="com.automationcode_16th_April_ExtentReports.TNRegisterTest" name="registerPage" time="1.66"/>
</testsuite> <!-- Test -->
